
The following have been reloaded with a version change:
  1) GCC/10.3.0 => GCC/10.2.0
  2) GCCcore/10.3.0 => GCCcore/10.2.0
  3) binutils/2.36.1-GCCcore-10.3.0 => binutils/2.35-GCCcore-10.2.0
  4) zlib/1.2.11-GCCcore-10.3.0 => zlib/1.2.11-GCCcore-10.2.0

mkdir: cannot create directory '/nobackup/lab_villunger/bsilke/organised/ZM/output_htseq_counts': File exists
mkdir: cannot create directory '/nobackup/lab_villunger/bsilke/organised/ZM/output_STAR': File exists
./celestial_cartography.sh: line 32: 2900776 Killed                  STAR --runThreadN 4 --genomeDir $datadir/star_index --readFilesIn "$input_trimmed_file" --outFileNamePrefix "${night_sky}/${file}_"
./celestial_cartography.sh: line 32: 2901001 Killed                  STAR --runThreadN 4 --genomeDir $datadir/star_index --readFilesIn "$input_trimmed_file" --outFileNamePrefix "${night_sky}/${file}_"
./celestial_cartography.sh: line 32: 2901030 Killed                  STAR --runThreadN 4 --genomeDir $datadir/star_index --readFilesIn "$input_trimmed_file" --outFileNamePrefix "${night_sky}/${file}_"
./celestial_cartography.sh: line 32: 2901380 Killed                  STAR --runThreadN 4 --genomeDir $datadir/star_index --readFilesIn "$input_trimmed_file" --outFileNamePrefix "${night_sky}/${file}_"
./celestial_cartography.sh: line 32: 2901447 Killed                  STAR --runThreadN 4 --genomeDir $datadir/star_index --readFilesIn "$input_trimmed_file" --outFileNamePrefix "${night_sky}/${file}_"
./celestial_cartography.sh: line 32: 2901683 Killed                  STAR --runThreadN 4 --genomeDir $datadir/star_index --readFilesIn "$input_trimmed_file" --outFileNamePrefix "${night_sky}/${file}_"
./celestial_cartography.sh: line 32: 2901827 Killed                  STAR --runThreadN 4 --genomeDir $datadir/star_index --readFilesIn "$input_trimmed_file" --outFileNamePrefix "${night_sky}/${file}_"
./celestial_cartography.sh: line 32: 2902018 Killed                  STAR --runThreadN 4 --genomeDir $datadir/star_index --readFilesIn "$input_trimmed_file" --outFileNamePrefix "${night_sky}/${file}_"
./celestial_cartography.sh: line 32: 2902046 Killed                  STAR --runThreadN 4 --genomeDir $datadir/star_index --readFilesIn "$input_trimmed_file" --outFileNamePrefix "${night_sky}/${file}_"
./celestial_cartography.sh: line 32: 2902070 Killed                  STAR --runThreadN 4 --genomeDir $datadir/star_index --readFilesIn "$input_trimmed_file" --outFileNamePrefix "${night_sky}/${file}_"
./celestial_cartography.sh: line 32: 2902452 Killed                  STAR --runThreadN 4 --genomeDir $datadir/star_index --readFilesIn "$input_trimmed_file" --outFileNamePrefix "${night_sky}/${file}_"
./celestial_cartography.sh: line 32: 2902496 Killed                  STAR --runThreadN 4 --genomeDir $datadir/star_index --readFilesIn "$input_trimmed_file" --outFileNamePrefix "${night_sky}/${file}_"
./celestial_cartography.sh: line 32: 2902745 Killed                  STAR --runThreadN 4 --genomeDir $datadir/star_index --readFilesIn "$input_trimmed_file" --outFileNamePrefix "${night_sky}/${file}_"
./celestial_cartography.sh: line 32: 2902850 Killed                  STAR --runThreadN 4 --genomeDir $datadir/star_index --readFilesIn "$input_trimmed_file" --outFileNamePrefix "${night_sky}/${file}_"
./celestial_cartography.sh: line 32: 2902980 Killed                  STAR --runThreadN 4 --genomeDir $datadir/star_index --readFilesIn "$input_trimmed_file" --outFileNamePrefix "${night_sky}/${file}_"
./celestial_cartography.sh: line 32: 2903147 Killed                  STAR --runThreadN 4 --genomeDir $datadir/star_index --readFilesIn "$input_trimmed_file" --outFileNamePrefix "${night_sky}/${file}_"
./celestial_cartography.sh: line 32: 2903271 Killed                  STAR --runThreadN 4 --genomeDir $datadir/star_index --readFilesIn "$input_trimmed_file" --outFileNamePrefix "${night_sky}/${file}_"
./celestial_cartography.sh: line 32: 2903464 Killed                  STAR --runThreadN 4 --genomeDir $datadir/star_index --readFilesIn "$input_trimmed_file" --outFileNamePrefix "${night_sky}/${file}_"
./celestial_cartography.sh: line 32: 2903698 Killed                  STAR --runThreadN 4 --genomeDir $datadir/star_index --readFilesIn "$input_trimmed_file" --outFileNamePrefix "${night_sky}/${file}_"
./celestial_cartography.sh: line 32: 2903803 Killed                  STAR --runThreadN 4 --genomeDir $datadir/star_index --readFilesIn "$input_trimmed_file" --outFileNamePrefix "${night_sky}/${file}_"
./celestial_cartography.sh: line 32: 2904219 Killed                  STAR --runThreadN 4 --genomeDir $datadir/star_index --readFilesIn "$input_trimmed_file" --outFileNamePrefix "${night_sky}/${file}_"
./celestial_cartography.sh: line 32: 2904262 Killed                  STAR --runThreadN 4 --genomeDir $datadir/star_index --readFilesIn "$input_trimmed_file" --outFileNamePrefix "${night_sky}/${file}_"
./celestial_cartography.sh: line 32: 2904316 Killed                  STAR --runThreadN 4 --genomeDir $datadir/star_index --readFilesIn "$input_trimmed_file" --outFileNamePrefix "${night_sky}/${file}_"
./celestial_cartography.sh: line 32: 2904488 Killed                  STAR --runThreadN 4 --genomeDir $datadir/star_index --readFilesIn "$input_trimmed_file" --outFileNamePrefix "${night_sky}/${file}_"
./celestial_cartography.sh: line 32: 2904633 Killed                  STAR --runThreadN 4 --genomeDir $datadir/star_index --readFilesIn "$input_trimmed_file" --outFileNamePrefix "${night_sky}/${file}_"
./celestial_cartography.sh: line 32: 2904959 Killed                  STAR --runThreadN 4 --genomeDir $datadir/star_index --readFilesIn "$input_trimmed_file" --outFileNamePrefix "${night_sky}/${file}_"
./celestial_cartography.sh: line 32: 2905083 Killed                  STAR --runThreadN 4 --genomeDir $datadir/star_index --readFilesIn "$input_trimmed_file" --outFileNamePrefix "${night_sky}/${file}_"
./celestial_cartography.sh: line 32: 2905282 Killed                  STAR --runThreadN 4 --genomeDir $datadir/star_index --readFilesIn "$input_trimmed_file" --outFileNamePrefix "${night_sky}/${file}_"
./celestial_cartography.sh: line 32: 2905401 Killed                  STAR --runThreadN 4 --genomeDir $datadir/star_index --readFilesIn "$input_trimmed_file" --outFileNamePrefix "${night_sky}/${file}_"
./celestial_cartography.sh: line 32: 2905466 Killed                  STAR --runThreadN 4 --genomeDir $datadir/star_index --readFilesIn "$input_trimmed_file" --outFileNamePrefix "${night_sky}/${file}_"
./celestial_cartography.sh: line 32: 2905847 Killed                  STAR --runThreadN 4 --genomeDir $datadir/star_index --readFilesIn "$input_trimmed_file" --outFileNamePrefix "${night_sky}/${file}_"
./celestial_cartography.sh: line 32: 2905898 Killed                  STAR --runThreadN 4 --genomeDir $datadir/star_index --readFilesIn "$input_trimmed_file" --outFileNamePrefix "${night_sky}/${file}_"
./celestial_cartography.sh: line 32: 2906017 Killed                  STAR --runThreadN 4 --genomeDir $datadir/star_index --readFilesIn "$input_trimmed_file" --outFileNamePrefix "${night_sky}/${file}_"
./celestial_cartography.sh: line 32: 2906298 Killed                  STAR --runThreadN 4 --genomeDir $datadir/star_index --readFilesIn "$input_trimmed_file" --outFileNamePrefix "${night_sky}/${file}_"
./celestial_cartography.sh: line 32: 2906588 Killed                  STAR --runThreadN 4 --genomeDir $datadir/star_index --readFilesIn "$input_trimmed_file" --outFileNamePrefix "${night_sky}/${file}_"
./celestial_cartography.sh: line 32: 2906732 Killed                  STAR --runThreadN 4 --genomeDir $datadir/star_index --readFilesIn "$input_trimmed_file" --outFileNamePrefix "${night_sky}/${file}_"
./celestial_cartography.sh: line 32: 2906800 Killed                  STAR --runThreadN 4 --genomeDir $datadir/star_index --readFilesIn "$input_trimmed_file" --outFileNamePrefix "${night_sky}/${file}_"
./celestial_cartography.sh: line 32: 2907129 Killed                  STAR --runThreadN 4 --genomeDir $datadir/star_index --readFilesIn "$input_trimmed_file" --outFileNamePrefix "${night_sky}/${file}_"
./celestial_cartography.sh: line 32: 2907143 Killed                  STAR --runThreadN 4 --genomeDir $datadir/star_index --readFilesIn "$input_trimmed_file" --outFileNamePrefix "${night_sky}/${file}_"
./celestial_cartography.sh: line 32: 2907178 Killed                  STAR --runThreadN 4 --genomeDir $datadir/star_index --readFilesIn "$input_trimmed_file" --outFileNamePrefix "${night_sky}/${file}_"
./celestial_cartography.sh: line 32: 2907429 Killed                  STAR --runThreadN 4 --genomeDir $datadir/star_index --readFilesIn "$input_trimmed_file" --outFileNamePrefix "${night_sky}/${file}_"
./celestial_cartography.sh: line 32: 2907610 Killed                  STAR --runThreadN 4 --genomeDir $datadir/star_index --readFilesIn "$input_trimmed_file" --outFileNamePrefix "${night_sky}/${file}_"
./celestial_cartography.sh: line 32: 2907825 Killed                  STAR --runThreadN 4 --genomeDir $datadir/star_index --readFilesIn "$input_trimmed_file" --outFileNamePrefix "${night_sky}/${file}_"
./celestial_cartography.sh: line 32: 2907862 Killed                  STAR --runThreadN 4 --genomeDir $datadir/star_index --readFilesIn "$input_trimmed_file" --outFileNamePrefix "${night_sky}/${file}_"
./celestial_cartography.sh: line 32: 2908238 Killed                  STAR --runThreadN 4 --genomeDir $datadir/star_index --readFilesIn "$input_trimmed_file" --outFileNamePrefix "${night_sky}/${file}_"
./celestial_cartography.sh: line 32: 2908428 Killed                  STAR --runThreadN 4 --genomeDir $datadir/star_index --readFilesIn "$input_trimmed_file" --outFileNamePrefix "${night_sky}/${file}_"
./celestial_cartography.sh: line 32: 2908528 Killed                  STAR --runThreadN 4 --genomeDir $datadir/star_index --readFilesIn "$input_trimmed_file" --outFileNamePrefix "${night_sky}/${file}_"
./celestial_cartography.sh: line 32: 2908729 Killed                  STAR --runThreadN 4 --genomeDir $datadir/star_index --readFilesIn "$input_trimmed_file" --outFileNamePrefix "${night_sky}/${file}_"
mkdir: cannot create directory '/nobackup/lab_villunger/bsilke/organised/Nutl/output_htseq_counts': File exists
mkdir: cannot create directory '/nobackup/lab_villunger/bsilke/organised/Nutl/output_STAR': File exists
./celestial_cartography.sh: line 32: 2908771 Killed                  STAR --runThreadN 4 --genomeDir $datadir/star_index --readFilesIn "$input_trimmed_file" --outFileNamePrefix "${night_sky}/${file}_"
./celestial_cartography.sh: line 32: 2908811 Killed                  STAR --runThreadN 4 --genomeDir $datadir/star_index --readFilesIn "$input_trimmed_file" --outFileNamePrefix "${night_sky}/${file}_"
./celestial_cartography.sh: line 32: 2909151 Killed                  STAR --runThreadN 4 --genomeDir $datadir/star_index --readFilesIn "$input_trimmed_file" --outFileNamePrefix "${night_sky}/${file}_"
./celestial_cartography.sh: line 32: 2909395 Killed                  STAR --runThreadN 4 --genomeDir $datadir/star_index --readFilesIn "$input_trimmed_file" --outFileNamePrefix "${night_sky}/${file}_"
./celestial_cartography.sh: line 32: 2909442 Killed                  STAR --runThreadN 4 --genomeDir $datadir/star_index --readFilesIn "$input_trimmed_file" --outFileNamePrefix "${night_sky}/${file}_"
./celestial_cartography.sh: line 32: 2909468 Killed                  STAR --runThreadN 4 --genomeDir $datadir/star_index --readFilesIn "$input_trimmed_file" --outFileNamePrefix "${night_sky}/${file}_"
./celestial_cartography.sh: line 32: 2909791 Killed                  STAR --runThreadN 4 --genomeDir $datadir/star_index --readFilesIn "$input_trimmed_file" --outFileNamePrefix "${night_sky}/${file}_"
./celestial_cartography.sh: line 32: 2909995 Killed                  STAR --runThreadN 4 --genomeDir $datadir/star_index --readFilesIn "$input_trimmed_file" --outFileNamePrefix "${night_sky}/${file}_"
./celestial_cartography.sh: line 32: 2910118 Killed                  STAR --runThreadN 4 --genomeDir $datadir/star_index --readFilesIn "$input_trimmed_file" --outFileNamePrefix "${night_sky}/${file}_"
./celestial_cartography.sh: line 32: 2910564 Killed                  STAR --runThreadN 4 --genomeDir $datadir/star_index --readFilesIn "$input_trimmed_file" --outFileNamePrefix "${night_sky}/${file}_"
./celestial_cartography.sh: line 32: 2910671 Killed                  STAR --runThreadN 4 --genomeDir $datadir/star_index --readFilesIn "$input_trimmed_file" --outFileNamePrefix "${night_sky}/${file}_"
./celestial_cartography.sh: line 32: 2910677 Killed                  STAR --runThreadN 4 --genomeDir $datadir/star_index --readFilesIn "$input_trimmed_file" --outFileNamePrefix "${night_sky}/${file}_"
./celestial_cartography.sh: line 32: 2910966 Killed                  STAR --runThreadN 4 --genomeDir $datadir/star_index --readFilesIn "$input_trimmed_file" --outFileNamePrefix "${night_sky}/${file}_"
./celestial_cartography.sh: line 32: 2911153 Killed                  STAR --runThreadN 4 --genomeDir $datadir/star_index --readFilesIn "$input_trimmed_file" --outFileNamePrefix "${night_sky}/${file}_"
./celestial_cartography.sh: line 32: 2911203 Killed                  STAR --runThreadN 4 --genomeDir $datadir/star_index --readFilesIn "$input_trimmed_file" --outFileNamePrefix "${night_sky}/${file}_"
./celestial_cartography.sh: line 32: 2911389 Killed                  STAR --runThreadN 4 --genomeDir $datadir/star_index --readFilesIn "$input_trimmed_file" --outFileNamePrefix "${night_sky}/${file}_"
./celestial_cartography.sh: line 32: 2911572 Killed                  STAR --runThreadN 4 --genomeDir $datadir/star_index --readFilesIn "$input_trimmed_file" --outFileNamePrefix "${night_sky}/${file}_"
./celestial_cartography.sh: line 32: 2911720 Killed                  STAR --runThreadN 4 --genomeDir $datadir/star_index --readFilesIn "$input_trimmed_file" --outFileNamePrefix "${night_sky}/${file}_"
./celestial_cartography.sh: line 32: 2911912 Killed                  STAR --runThreadN 4 --genomeDir $datadir/star_index --readFilesIn "$input_trimmed_file" --outFileNamePrefix "${night_sky}/${file}_"
./celestial_cartography.sh: line 32: 2912008 Killed                  STAR --runThreadN 4 --genomeDir $datadir/star_index --readFilesIn "$input_trimmed_file" --outFileNamePrefix "${night_sky}/${file}_"
./celestial_cartography.sh: line 32: 2912028 Killed                  STAR --runThreadN 4 --genomeDir $datadir/star_index --readFilesIn "$input_trimmed_file" --outFileNamePrefix "${night_sky}/${file}_"
./celestial_cartography.sh: line 32: 2912508 Killed                  STAR --runThreadN 4 --genomeDir $datadir/star_index --readFilesIn "$input_trimmed_file" --outFileNamePrefix "${night_sky}/${file}_"
./celestial_cartography.sh: line 32: 2912702 Killed                  STAR --runThreadN 4 --genomeDir $datadir/star_index --readFilesIn "$input_trimmed_file" --outFileNamePrefix "${night_sky}/${file}_"
./celestial_cartography.sh: line 32: 2912724 Killed                  STAR --runThreadN 4 --genomeDir $datadir/star_index --readFilesIn "$input_trimmed_file" --outFileNamePrefix "${night_sky}/${file}_"
./celestial_cartography.sh: line 32: 2912986 Killed                  STAR --runThreadN 4 --genomeDir $datadir/star_index --readFilesIn "$input_trimmed_file" --outFileNamePrefix "${night_sky}/${file}_"
./celestial_cartography.sh: line 32: 2913094 Killed                  STAR --runThreadN 4 --genomeDir $datadir/star_index --readFilesIn "$input_trimmed_file" --outFileNamePrefix "${night_sky}/${file}_"
./celestial_cartography.sh: line 32: 2913240 Killed                  STAR --runThreadN 4 --genomeDir $datadir/star_index --readFilesIn "$input_trimmed_file" --outFileNamePrefix "${night_sky}/${file}_"
./celestial_cartography.sh: line 32: 2913597 Killed                  STAR --runThreadN 4 --genomeDir $datadir/star_index --readFilesIn "$input_trimmed_file" --outFileNamePrefix "${night_sky}/${file}_"
./celestial_cartography.sh: line 32: 2913704 Killed                  STAR --runThreadN 4 --genomeDir $datadir/star_index --readFilesIn "$input_trimmed_file" --outFileNamePrefix "${night_sky}/${file}_"
./celestial_cartography.sh: line 32: 2913835 Killed                  STAR --runThreadN 4 --genomeDir $datadir/star_index --readFilesIn "$input_trimmed_file" --outFileNamePrefix "${night_sky}/${file}_"
./celestial_cartography.sh: line 32: 2914071 Killed                  STAR --runThreadN 4 --genomeDir $datadir/star_index --readFilesIn "$input_trimmed_file" --outFileNamePrefix "${night_sky}/${file}_"
./celestial_cartography.sh: line 32: 2914230 Killed                  STAR --runThreadN 4 --genomeDir $datadir/star_index --readFilesIn "$input_trimmed_file" --outFileNamePrefix "${night_sky}/${file}_"
./celestial_cartography.sh: line 32: 2914425 Killed                  STAR --runThreadN 4 --genomeDir $datadir/star_index --readFilesIn "$input_trimmed_file" --outFileNamePrefix "${night_sky}/${file}_"
./celestial_cartography.sh: line 32: 2914780 Killed                  STAR --runThreadN 4 --genomeDir $datadir/star_index --readFilesIn "$input_trimmed_file" --outFileNamePrefix "${night_sky}/${file}_"
./celestial_cartography.sh: line 32: 2914801 Killed                  STAR --runThreadN 4 --genomeDir $datadir/star_index --readFilesIn "$input_trimmed_file" --outFileNamePrefix "${night_sky}/${file}_"
./celestial_cartography.sh: line 32: 2915122 Killed                  STAR --runThreadN 4 --genomeDir $datadir/star_index --readFilesIn "$input_trimmed_file" --outFileNamePrefix "${night_sky}/${file}_"
./celestial_cartography.sh: line 32: 2915203 Killed                  STAR --runThreadN 4 --genomeDir $datadir/star_index --readFilesIn "$input_trimmed_file" --outFileNamePrefix "${night_sky}/${file}_"
slurmstepd: error: *** JOB 3061384 ON d009 CANCELLED AT 2023-07-14T12:22:49 ***
slurmstepd: error: Detected 85 oom-kill event(s) in StepId=3061384.batch. Some of your processes may have been killed by the cgroup out-of-memory handler.
